<?xml version="1.0" encoding="UTF-8"?>
<!-- Generated by org.testng.reporters.JUnitReportReporter -->
<testsuite hostname="Manul-W" failures="0" tests="3" name="screenshots.TakingScreenShots" time="24.846" errors="0" timestamp="2021-07-07T01:19:03 IST" skipped="0">
  <testcase classname="screenshots.TakingScreenShots" name="screenShotofaPage" time="9.181"/>
  <system-out/>
  <testcase classname="screenshots.TakingScreenShots" name="screenShotofaSectionInaPage" time="4.648"/>
  <system-out/>
  <testcase classname="screenshots.TakingScreenShots" name="screenShotofaElement" time="11.017"/>
  <system-out/>
</testsuite> <!-- screenshots.TakingScreenShots -->
