<?xml version="1.0" encoding="UTF-8"?>
<!-- Generated by org.testng.reporters.JUnitReportReporter -->
<testsuite hostname="Manul-W" failures="0" tests="3" name="screenshots.TakingScreenShots" time="24.793" errors="0" timestamp="2021-07-07T00:53:56 IST" skipped="0">
  <testcase classname="screenshots.TakingScreenShots" name="screenShotofaPage" time="9.532"/>
  <system-out/>
  <testcase classname="screenshots.TakingScreenShots" name="screenShotofaElement" time="6.035"/>
  <system-out/>
  <testcase classname="screenshots.TakingScreenShots" name="screenShotofaSectionInaPage" time="9.226"/>
  <system-out/>
</testsuite> <!-- screenshots.TakingScreenShots -->
