<?xml version="1.0" encoding="UTF-8"?>
<!-- Generated by org.testng.reporters.JUnitReportReporter -->
<testsuite hostname="Manul-W" failures="0" tests="3" name="screenshots.TakingScreenShots" time="21.194" errors="0" timestamp="2021-07-07T01:03:04 IST" skipped="0">
  <testcase classname="screenshots.TakingScreenShots" name="screenShotofaPage" time="7.523"/>
  <system-out/>
  <testcase classname="screenshots.TakingScreenShots" name="screenShotofaSectionInaPage" time="6.551"/>
  <system-out/>
  <testcase classname="screenshots.TakingScreenShots" name="screenShotofaElement" time="7.120"/>
  <system-out/>
</testsuite> <!-- screenshots.TakingScreenShots -->
